<?xml version="1.0" encoding="UTF-8"?>
<!-- Generated by org.testng.reporters.JUnitReportReporter -->
<testsuite hostname="Lohith" failures="0" tests="2" name="testng.smokeRegression4" time="4.197" errors="0" timestamp="2022-06-07T12:50:45 IST" skipped="0">
  <testcase classname="testng.smokeRegression4" name="sales" time="1.137"/>
  <system-out/>
  <testcase classname="testng.smokeRegression4" name="login" time="3.060"/>
  <system-out/>
</testsuite> <!-- testng.smokeRegression4 -->
