<?xml version="1.0" encoding="UTF-8"?>
<!-- Generated by org.testng.reporters.JUnitReportReporter -->
<testsuite hostname="Lohith" failures="0" tests="2" name="testng.AnnotationBeforeTest" time="3.963" errors="0" timestamp="2022-06-07T10:52:29 IST" skipped="0">
  <testcase classname="testng.AnnotationBeforeTest" name="sales" time="1.288"/>
  <system-out/>
  <testcase classname="testng.AnnotationBeforeTest" name="login" time="2.675"/>
  <system-out/>
</testsuite> <!-- testng.AnnotationBeforeTest -->
