<?xml version="1.0" encoding="UTF-8"?>
<!-- Generated by org.testng.reporters.JUnitReportReporter -->
<testsuite hostname="Lohith" failures="0" tests="2" name="testng.batch3" time="5.560" errors="0" timestamp="2022-06-08T10:53:14 IST" skipped="0">
  <testcase classname="testng.batch3" name="sales" time="1.273"/>
  <system-out/>
  <testcase classname="testng.batch3" name="login" time="4.287"/>
  <system-out/>
</testsuite> <!-- testng.batch3 -->
