<?xml version="1.0" encoding="UTF-8"?>
<!-- Generated by org.testng.reporters.JUnitReportReporter -->
<testsuite hostname="Lohith" failures="0" tests="2" name="testng.batch1" time="4.969" errors="0" timestamp="2022-06-08T10:50:15 IST" skipped="0">
  <testcase classname="testng.batch1" name="sales" time="1.262"/>
  <system-out/>
  <testcase classname="testng.batch1" name="login" time="3.707"/>
  <system-out/>
</testsuite> <!-- testng.batch1 -->
