<?xml version="1.0" encoding="UTF-8"?>
<!-- Generated by org.testng.reporters.JUnitReportReporter -->
<testsuite hostname="Lohith" failures="0" tests="2" name="testng.SmokeSanity2" time="3.865" errors="0" timestamp="2022-06-07T12:50:45 IST" skipped="0">
  <testcase classname="testng.SmokeSanity2" name="sales" time="1.140"/>
  <system-out/>
  <testcase classname="testng.SmokeSanity2" name="login" time="2.725"/>
  <system-out/>
</testsuite> <!-- testng.SmokeSanity2 -->
