<?xml version="1.0" encoding="UTF-8"?>
<!-- Generated by org.testng.reporters.JUnitReportReporter -->
<testsuite hostname="Lohith" failures="0" tests="2" name="testng.Regression" time="3.683" errors="0" timestamp="2022-06-07T12:07:10 IST" skipped="0">
  <testcase classname="testng.Regression" name="login" time="2.488"/>
  <system-out/>
  <testcase classname="testng.Regression" name="sales" time="1.195"/>
  <system-out/>
</testsuite> <!-- testng.Regression -->
