<?xml version="1.0" encoding="UTF-8"?>
<!-- Generated by org.testng.reporters.JUnitReportReporter -->
<testsuite hostname="Lohith" failures="0" tests="2" name="testng.batch2" time="5.659" errors="0" timestamp="2022-06-08T10:50:15 IST" skipped="0">
  <testcase classname="testng.batch2" name="login" time="4.384"/>
  <system-out/>
  <testcase classname="testng.batch2" name="sales" time="1.275"/>
  <system-out/>
</testsuite> <!-- testng.batch2 -->
