<?xml version="1.0" encoding="UTF-8"?>
<!-- Generated by org.testng.reporters.JUnitReportReporter -->
<testsuite hostname="Lohith" failures="0" tests="2" name="testng.SmokeSanity4" time="5.537" errors="0" timestamp="2022-06-07T12:50:45 IST" skipped="0">
  <testcase classname="testng.SmokeSanity4" name="login" time="4.380"/>
  <system-out/>
  <testcase classname="testng.SmokeSanity4" name="sales" time="1.157"/>
  <system-out/>
</testsuite> <!-- testng.SmokeSanity4 -->
