<?xml version="1.0" encoding="UTF-8"?>
<!-- Generated by org.testng.reporters.JUnitReportReporter -->
<testsuite hostname="Lohith" failures="0" tests="2" name="testng.SmokeSanity" time="4.945" errors="0" timestamp="2022-06-07T12:50:45 IST" skipped="0">
  <testcase classname="testng.SmokeSanity" name="login" time="3.811"/>
  <system-out/>
  <testcase classname="testng.SmokeSanity" name="sales" time="1.134"/>
  <system-out/>
</testsuite> <!-- testng.SmokeSanity -->
