<?xml version="1.0" encoding="UTF-8"?>
<!-- Generated by org.testng.reporters.JUnitReportReporter -->
<testsuite hostname="Lohith" failures="0" tests="2" name="testng.SmokeSanity5" time="4.286" errors="0" timestamp="2022-06-07T12:50:45 IST" skipped="0">
  <testcase classname="testng.SmokeSanity5" name="login" time="2.874"/>
  <system-out/>
  <testcase classname="testng.SmokeSanity5" name="sales" time="1.412"/>
  <system-out/>
</testsuite> <!-- testng.SmokeSanity5 -->
